Build started 4/12/2018 12:13:52 AM.
     1>Project "D:\projects\cpp-openglwhiteapp\skeleton_code\skeleton_code\VS2013_Solution\COMP371Lab1\COMP371Lab1.vcxproj" on node 2 (Build target(s)).
     1>ClCompile:
         C:\Program Files (x86)\Microsoft Visual Studio 12.0\VC\bin\CL.exe /c /I..\glm\gtx /I..\glm\gtc /I..\glm\detail /I..\glm /I..\glfw /I..\glew /ZI /nologo /W3 /WX- /sdl /Od /Oy- /D WIN32 /D _DEBUG /D _CONSOLE /D _UNICODE /D UNICODE /Gm /EHsc /RTC1 /MDd /GS /fp:precise /Zc:wchar_t /Zc:forScope /Fo"Debug\\" /Fd"Debug\vc120.pdb" /Gd /TP /analyze- /errorReport:prompt Horse.cpp Main.cpp
         Horse.cpp
     1>d:\projects\cpp-openglwhiteapp\skeleton_code\skeleton_code\vs2013_solution\comp371lab1\horse.cpp(15): warning C4244: '=' : conversion from 'int' to 'float', possible loss of data
     1>d:\projects\cpp-openglwhiteapp\skeleton_code\skeleton_code\vs2013_solution\comp371lab1\horse.cpp(18): warning C4244: '=' : conversion from 'int' to 'float', possible loss of data
     1>d:\projects\cpp-openglwhiteapp\skeleton_code\skeleton_code\vs2013_solution\comp371lab1\horse.cpp(21): warning C4244: '=' : conversion from 'int' to 'float', possible loss of data
     1>d:\projects\cpp-openglwhiteapp\skeleton_code\skeleton_code\vs2013_solution\comp371lab1\horse.cpp(345): warning C4305: 'argument' : truncation from 'double' to 'float'
     1>d:\projects\cpp-openglwhiteapp\skeleton_code\skeleton_code\vs2013_solution\comp371lab1\horse.cpp(458): warning C4305: '+=' : truncation from 'double' to 'float'
     1>d:\projects\cpp-openglwhiteapp\skeleton_code\skeleton_code\vs2013_solution\comp371lab1\horse.cpp(459): warning C4305: '+=' : truncation from 'double' to 'float'
     1>d:\projects\cpp-openglwhiteapp\skeleton_code\skeleton_code\vs2013_solution\comp371lab1\horse.cpp(468): warning C4244: '=' : conversion from 'int' to 'float', possible loss of data
         Generating Code...
         Compiling...
         Main.cpp
     1>d:\projects\cpp-openglwhiteapp\skeleton_code\skeleton_code\vs2013_solution\comp371lab1\main.cpp(184): warning C4244: '=' : conversion from 'double' to 'float', possible loss of data
     1>d:\projects\cpp-openglwhiteapp\skeleton_code\skeleton_code\vs2013_solution\comp371lab1\main.cpp(195): warning C4244: '=' : conversion from 'double' to 'float', possible loss of data
     1>d:\projects\cpp-openglwhiteapp\skeleton_code\skeleton_code\vs2013_solution\comp371lab1\main.cpp(429): warning C4305: '*=' : truncation from 'double' to 'float'
     1>d:\projects\cpp-openglwhiteapp\skeleton_code\skeleton_code\vs2013_solution\comp371lab1\main.cpp(430): warning C4305: '*=' : truncation from 'double' to 'float'
     1>d:\projects\cpp-openglwhiteapp\skeleton_code\skeleton_code\vs2013_solution\comp371lab1\main.cpp(431): warning C4305: '*=' : truncation from 'double' to 'float'
     1>d:\projects\cpp-openglwhiteapp\skeleton_code\skeleton_code\vs2013_solution\comp371lab1\main.cpp(436): warning C4305: '/=' : truncation from 'double' to 'float'
     1>d:\projects\cpp-openglwhiteapp\skeleton_code\skeleton_code\vs2013_solution\comp371lab1\main.cpp(437): warning C4305: '/=' : truncation from 'double' to 'float'
     1>d:\projects\cpp-openglwhiteapp\skeleton_code\skeleton_code\vs2013_solution\comp371lab1\main.cpp(438): warning C4305: '/=' : truncation from 'double' to 'float'
     1>d:\projects\cpp-openglwhiteapp\skeleton_code\skeleton_code\vs2013_solution\comp371lab1\main.cpp(511): warning C4316: 'Horse' : object allocated on the heap may not be aligned 16
     1>d:\projects\cpp-openglwhiteapp\skeleton_code\skeleton_code\vs2013_solution\comp371lab1\main.cpp(521): warning C4018: '<' : signed/unsigned mismatch
     1>d:\projects\cpp-openglwhiteapp\skeleton_code\skeleton_code\vs2013_solution\comp371lab1\main.cpp(543): warning C4018: '<' : signed/unsigned mismatch
     1>d:\projects\cpp-openglwhiteapp\skeleton_code\skeleton_code\vs2013_solution\comp371lab1\main.cpp(568): warning C4018: '<' : signed/unsigned mismatch
     1>d:\projects\cpp-openglwhiteapp\skeleton_code\skeleton_code\vs2013_solution\comp371lab1\main.cpp(578): warning C4018: '<' : signed/unsigned mismatch
     1>d:\projects\cpp-openglwhiteapp\skeleton_code\skeleton_code\vs2013_solution\comp371lab1\main.cpp(579): warning C4018: '<' : signed/unsigned mismatch
     1>d:\projects\cpp-openglwhiteapp\skeleton_code\skeleton_code\vs2013_solution\comp371lab1\main.cpp(589): warning C4018: '<' : signed/unsigned mismatch
         Generating Code...
       Link:
         C:\Program Files (x86)\Microsoft Visual Studio 12.0\VC\bin\link.exe /ERRORREPORT:PROMPT /OUT:"D:\projects\cpp-openglwhiteapp\skeleton_code\skeleton_code\VS2013_Solution\Debug\COMP371Lab1.exe" /INCREMENTAL /NOLOGO /LIBPATH:..\glfw /LIBPATH:..\glew glew32.lib glu32.lib opengl32.lib glfw3dll.lib kernel32.lib user32.lib gdi32.lib winspool.lib comdlg32.lib advapi32.lib shell32.lib ole32.lib oleaut32.lib uuid.lib odbc32.lib odbccp32.lib /MANIFEST /MANIFESTUAC:"level='asInvoker' uiAccess='false'" /manifest:embed /DEBUG /PDB:"D:\projects\cpp-openglwhiteapp\skeleton_code\skeleton_code\VS2013_Solution\Debug\COMP371Lab1.pdb" /SUBSYSTEM:CONSOLE /TLBID:1 /DYNAMICBASE /NXCOMPAT /IMPLIB:"D:\projects\cpp-openglwhiteapp\skeleton_code\skeleton_code\VS2013_Solution\Debug\COMP371Lab1.lib" /MACHINE:X86 Debug\Axes.obj
         Debug\Capsule.obj
         Debug\Grid.obj
         Debug\Horse.obj
         Debug\Lamp.obj
         Debug\Main.obj
         Debug\LightShader.obj
         Debug\NewGrid.obj
         Debug\Point.obj
         Debug\Segment.obj
         Debug\Shader.obj
         Debug\stb_image.obj
         Debug\stdafx.obj
         Debug\Vector.obj
         COMP371Lab1.vcxproj -> D:\projects\cpp-openglwhiteapp\skeleton_code\skeleton_code\VS2013_Solution\Debug\COMP371Lab1.exe
     1>Done Building Project "D:\projects\cpp-openglwhiteapp\skeleton_code\skeleton_code\VS2013_Solution\COMP371Lab1\COMP371Lab1.vcxproj" (Build target(s)).

Build succeeded.

Time Elapsed 00:00:06.15
